<?xml version="1.0" encoding="UTF-8"?>
<testng-results ignored="0" total="5" passed="5" failed="0" skipped="0">
  <reporter-output>
  </reporter-output>
  <suite started-at="2022-11-17T18:37:17 IST" name="Suite" finished-at="2022-11-17T18:37:17 IST" duration-ms="136">
    <groups>
    </groups>
    <test started-at="2022-11-17T18:37:17 IST" name="Test" finished-at="2022-11-17T18:37:17 IST" duration-ms="136">
      <class name="MultipleClassesWorking.Class3">
        <test-method is-config="true" signature="paymentdetails()[pri:0, instance:MultipleClassesWorking.Class3@378542de]" started-at="2022-11-17T18:37:17 IST" name="paymentdetails" finished-at="2022-11-17T18:37:17 IST" duration-ms="16" status="PASS">
          <reporter-output>
          </reporter-output>
        </test-method> <!-- paymentdetails -->
        <test-method signature="customerdetails()[pri:1, instance:MultipleClassesWorking.Class3@378542de]" started-at="2022-11-17T18:37:17 IST" name="customerdetails" finished-at="2022-11-17T18:37:17 IST" duration-ms="9" status="PASS">
          <reporter-output>
          </reporter-output>
        </test-method> <!-- customerdetails -->
        <test-method signature="login()[pri:2, instance:MultipleClassesWorking.Class3@378542de]" started-at="2022-11-17T18:37:17 IST" name="login" finished-at="2022-11-17T18:37:17 IST" duration-ms="2" status="PASS">
          <reporter-output>
          </reporter-output>
        </test-method> <!-- login -->
        <test-method signature="feedbackprocess()[pri:3, instance:MultipleClassesWorking.Class3@378542de]" started-at="2022-11-17T18:37:17 IST" name="feedbackprocess" finished-at="2022-11-17T18:37:17 IST" duration-ms="10" status="PASS">
          <reporter-output>
          </reporter-output>
        </test-method> <!-- feedbackprocess -->
        <test-method signature="close()[pri:4, instance:MultipleClassesWorking.Class3@378542de]" started-at="2022-11-17T18:37:17 IST" name="close" finished-at="2022-11-17T18:37:17 IST" duration-ms="12" status="PASS">
          <reporter-output>
          </reporter-output>
        </test-method> <!-- close -->
        <test-method signature="deliveryprocess()[pri:5, instance:MultipleClassesWorking.Class3@378542de]" started-at="2022-11-17T18:37:17 IST" name="deliveryprocess" finished-at="2022-11-17T18:37:17 IST" duration-ms="2" status="PASS">
          <reporter-output>
          </reporter-output>
        </test-method> <!-- deliveryprocess -->
        <test-method is-config="true" signature="productdetails()[pri:0, instance:MultipleClassesWorking.Class3@378542de]" started-at="2022-11-17T18:37:17 IST" name="productdetails" finished-at="2022-11-17T18:37:17 IST" duration-ms="0" status="PASS">
          <reporter-output>
          </reporter-output>
        </test-method> <!-- productdetails -->
      </class> <!-- MultipleClassesWorking.Class3 -->
    </test> <!-- Test -->
  </suite> <!-- Suite -->
</testng-results>
