<?xml version="1.0" encoding="UTF-8"?>
<!-- Generated by org.testng.reporters.JUnitXMLReporter -->
<testsuite ignored="0" hostname="DESKTOP-B926T4N" failures="0" tests="3" name="Default test" time="6.818" errors="0" timestamp="2022-11-08T10:56:02 IST">
  <testcase classname="Day_1_Methods.program2" name="get_current_url" time="0.265"/>
  <testcase classname="Day_1_Methods.program2" name="get_Title" time="0.04"/>
  <testcase classname="Day_1_Methods.program2" name="screenshot" time="1.035"/>
</testsuite> <!-- Default test -->
