<?xml version="1.0" encoding="UTF-8"?>
<!-- Generated by org.testng.reporters.JUnitXMLReporter -->
<testsuite ignored="0" hostname="DESKTOP-B926T4N" failures="0" tests="5" name="Test" time="0.136" errors="0" timestamp="2022-11-17T18:37:17 IST">
  <testcase classname="MultipleClassesWorking.Class1" name="customerdetails" time="0.009"/>
  <testcase classname="MultipleClassesWorking.Class1" name="login" time="0.002"/>
  <testcase classname="MultipleClassesWorking.Class3" name="feedbackprocess" time="0.01"/>
  <testcase classname="MultipleClassesWorking.Class3" name="close" time="0.012"/>
  <testcase classname="MultipleClassesWorking.Class2" name="deliveryprocess" time="0.002"/>
</testsuite> <!-- Test -->
